<?xml version="1.0" encoding="UTF-8"?>
<testsuite name="JUnit Vintage" tests="0" skipped="0" failures="0" errors="0" time="0.004" hostname="DESKTOP-M0LCB5K" timestamp="2019-03-07T01:32:47">
<properties>
<property name="awt.toolkit" value="sun.awt.windows.WToolkit"/>
<property name="environment" value="sandbox"/>
<property name="file.encoding" value="Cp1252"/>
<property name="file.encoding.pkg" value="sun.io"/>
<property name="file.separator" value="\"/>
<property name="java.awt.graphicsenv" value="sun.awt.Win32GraphicsEnvironment"/>
<property name="java.awt.printerjob" value="sun.awt.windows.WPrinterJob"/>
<property name="java.class.path" value="junit-platform-console-standalone-1.3.0-M1.jar"/>
<property name="java.class.version" value="52.0"/>
<property name="java.endorsed.dirs" value="C:\Program Files\Java\jre1.8.0_131\lib\endorsed"/>
<property name="java.ext.dirs" value="C:\Program Files\Java\jre1.8.0_131\lib\ext;C:\WINDOWS\Sun\Java\lib\ext"/>
<property name="java.home" value="C:\Program Files\Java\jre1.8.0_131"/>
<property name="java.io.tmpdir" value="C:\Users\Marianna\AppData\Local\Temp\"/>
<property name="java.library.path" value="C:\ProgramData\Oracle\Java\javapath;C:\WINDOWS\Sun\Java\bin;C:\WINDOWS\system32;C:\WINDOWS;C:\ProgramData\Oracle\Java\javapath;C:\Program Files (x86)\Intel\iCLS Client\;C:\Program Files\Intel\iCLS Client\;C:\WINDOWS\system32;C:\WINDOWS;C:\WINDOWS\System32\Wbem;C:\WINDOWS\System32\WindowsPowerShell\v1.0\;C:\Program Files (x86)\ATI Technologies\ATI.ACE\Core-Static;C:\Program Files (x86)\Intel\Intel(R) Management Engine Components\DAL;C:\Program Files\Intel\Intel(R) Management Engine Components\DAL;C:\Program Files (x86)\Intel\Intel(R) Management Engine Components\IPT;C:\Program Files\Intel\Intel(R) Management Engine Components\IPT;C:\Program Files\Intel\WiFi\bin\;C:\Program Files\Common Files\Intel\WirelessCommon\;C:\Program Files\Git\cmd;C:\Program Files (x86)\GNU\GnuPG\pub;C:\Program Files\Microsoft SQL Server\Client SDK\ODBC\110\Tools\Binn\;C:\Program Files (x86)\Microsoft SQL Server\120\Tools\Binn\ManagementStudio\;C:\Program Files (x86)\Microsoft SQL Server\120\Tools\Binn\;C:\Program Files\Microsoft SQL Server\120\Tools\Binn\;C:\Program Files (x86)\Microsoft SQL Server\120\DTS\Binn\;C:\Program Files\Microsoft SQL Server\120\DTS\Binn\;C:\WINDOWS\System32\OpenSSH\;C:\Program Files\TortoiseGit\bin;C:\Users\Marianna\AppData\Local\Microsoft\WindowsApps;;C:\Users\Marianna\AppData\Local\Programs\Fiddler;%USERPROFILE%\AppData\Local\Microsoft\WindowsApps;."/>
<property name="java.runtime.name" value="Java(TM) SE Runtime Environment"/>
<property name="java.runtime.version" value="1.8.0_131-b11"/>
<property name="java.specification.name" value="Java Platform API Specification"/>
<property name="java.specification.vendor" value="Oracle Corporation"/>
<property name="java.specification.version" value="1.8"/>
<property name="java.vendor" value="Oracle Corporation"/>
<property name="java.vendor.url" value="http://java.oracle.com/"/>
<property name="java.vendor.url.bug" value="http://bugreport.sun.com/bugreport/"/>
<property name="java.version" value="1.8.0_131"/>
<property name="java.vm.info" value="mixed mode"/>
<property name="java.vm.name" value="Java HotSpot(TM) 64-Bit Server VM"/>
<property name="java.vm.specification.name" value="Java Virtual Machine Specification"/>
<property name="java.vm.specification.vendor" value="Oracle Corporation"/>
<property name="java.vm.specification.version" value="1.8"/>
<property name="java.vm.vendor" value="Oracle Corporation"/>
<property name="java.vm.version" value="25.131-b11"/>
<property name="line.separator" value="
"/>
<property name="os.arch" value="amd64"/>
<property name="os.name" value="Windows 10"/>
<property name="os.version" value="10.0"/>
<property name="path.separator" value=";"/>
<property name="sun.arch.data.model" value="64"/>
<property name="sun.boot.class.path" value="C:\Program Files\Java\jre1.8.0_131\lib\resources.jar;C:\Program Files\Java\jre1.8.0_131\lib\rt.jar;C:\Program Files\Java\jre1.8.0_131\lib\sunrsasign.jar;C:\Program Files\Java\jre1.8.0_131\lib\jsse.jar;C:\Program Files\Java\jre1.8.0_131\lib\jce.jar;C:\Program Files\Java\jre1.8.0_131\lib\charsets.jar;C:\Program Files\Java\jre1.8.0_131\lib\jfr.jar;C:\Program Files\Java\jre1.8.0_131\classes"/>
<property name="sun.boot.library.path" value="C:\Program Files\Java\jre1.8.0_131\bin"/>
<property name="sun.cpu.endian" value="little"/>
<property name="sun.cpu.isalist" value="amd64"/>
<property name="sun.desktop" value="windows"/>
<property name="sun.io.unicode.encoding" value="UnicodeLittle"/>
<property name="sun.java.command" value="junit-platform-console-standalone-1.3.0-M1.jar -cp security-microservice-test-1.0-test-jar-with-dependencies.jar --scan-class-path --fail-if-no-tests --reports-dir report --details-theme ascii --config junit.jupiter.execution.parallel.enabled=true --config junit.jupiter.execution.parallel.config.strategy=fixed --config junit.jupiter.execution.parallel.config.fixed.parallelism=15"/>
<property name="sun.java.launcher" value="SUN_STANDARD"/>
<property name="sun.jnu.encoding" value="Cp1252"/>
<property name="sun.management.compiler" value="HotSpot 64-Bit Tiered Compilers"/>
<property name="sun.os.patch.level" value=""/>
<property name="sun.stderr.encoding" value="cp437"/>
<property name="sun.stdout.encoding" value="cp437"/>
<property name="user.country" value="US"/>
<property name="user.dir" value="D:\PexCard\Automation\PPS\Security%20and%20Identity\security-microservice-tests"/>
<property name="user.home" value="C:\Users\Marianna"/>
<property name="user.language" value="en"/>
<property name="user.name" value="Marianna"/>
<property name="user.script" value=""/>
<property name="user.timezone" value="Europe/Helsinki"/>
<property name="user.variant" value=""/>
</properties>
<system-out><![CDATA[
unique-id: [engine:junit-vintage]
display-name: JUnit Vintage
]]></system-out>
</testsuite>
